Arguments: 
  /usr/local/bin/node /usr/local/bin/yarn add express nodemon cors axios

PATH: 
  /Users/mac/Downloads/google-cloud-sdk/bin:/usr/local/bin/python3:/Users/mac/google-cloud-sdk/bin:/usr/local/bin:/System/Cryptexes/App/usr/bin:/usr/bin:/bin:/usr/sbin:/sbin:/Library/Apple/usr/bin:/Users/mac/Library/Android/sdk/emulator:/Users/mac/Library/Android/sdk/platform-tools

Yarn version: 
  1.22.19

Node version: 
  20.11.0

Platform: 
  darwin x64

Trace: 
  Error: getaddrinfo ENOTFOUND registry.yarnpkg.com
      at GetAddrInfoReqWrap.onlookupall [as oncomplete] (node:dns:118:26)

npm manifest: 
  {
    "name": "grambutler-backend-repo",
    "version": "1.0.0",
    "description": "",
    "main": "index.js",
    "scripts": {
      "test": "echo \"Error: no test specified\" && exit 1"
    },
    "keywords": [],
    "author": "",
    "license": "ISC"
  }

yarn manifest: 
  No manifest

Lockfile: 
  No lockfile
